f:\work\test\new-painter\new-painter\debug\new-painter.pch
f:\work\test\new-painter\new-painter\debug\vc120.pdb
f:\work\test\new-painter\new-painter\debug\vc120.idb
f:\work\test\new-painter\new-painter\debug\stdafx.obj
f:\work\test\new-painter\new-painter\debug\dibfile.obj
f:\work\test\new-painter\new-painter\debug\new-painter.obj
c:\users\zhangxin\desktop\new-painter\new-painter\debug\new-painter.pch
c:\users\zhangxin\desktop\new-painter\new-painter\debug\vc120.pdb
c:\users\zhangxin\desktop\new-painter\new-painter\debug\vc120.idb
c:\users\zhangxin\desktop\new-painter\new-painter\debug\stdafx.obj
c:\users\zhangxin\desktop\new-painter\new-painter\debug\dibfile.obj
f:\work\test\new-painter\debug\new-painter.ilk
f:\work\test\new-painter\debug\new-painter.exe
f:\work\test\new-painter\debug\new-painter.pdb
f:\work\test\new-painter\new-painter\debug\new-painter.res
c:\users\zhangxin\desktop\new-painter\new-painter\debug\new-painter.res
c:\users\zhangxin\desktop\new-painter\debug\new-painter.exe
c:\users\zhangxin\desktop\new-painter\debug\new-painter.ilk
c:\users\zhangxin\desktop\new-painter\new-painter\debug\new-painter.tlog\cl.command.1.tlog
c:\users\zhangxin\desktop\new-painter\new-painter\debug\new-painter.tlog\cl.read.1.tlog
c:\users\zhangxin\desktop\new-painter\new-painter\debug\new-painter.tlog\cl.write.1.tlog
c:\users\zhangxin\desktop\new-painter\new-painter\debug\new-painter.tlog\link.command.1.tlog
c:\users\zhangxin\desktop\new-painter\new-painter\debug\new-painter.tlog\link.read.1.tlog
c:\users\zhangxin\desktop\new-painter\new-painter\debug\new-painter.tlog\link.write.1.tlog
c:\users\zhangxin\desktop\new-painter\new-painter\debug\new-painter.tlog\rc.command.1.tlog
c:\users\zhangxin\desktop\new-painter\new-painter\debug\new-painter.tlog\rc.read.1.tlog
c:\users\zhangxin\desktop\new-painter\new-painter\debug\new-painter.tlog\rc.write.1.tlog
